  Reading Qt configuration (C:/Qt/6.4.2/msvc2019_64/bin/qmake)
  moc RTBaseline.h
  clip2tri.cpp
  clipper.cpp
  shapes.cc
  advancing_front.cc
  cdt.cc
  sweep.cc
  sweep_context.cc
  GLObject.cpp
  Lexer_Parser.cpp
  Log.cpp
  PrimitiveDB.cpp
  RTBaseline.cpp
C:\Qt\6.4.2\msvc2019_64\include\QtCore\qtcoreexports.h(1,1): warning C4819: 该文件包含不能在当前代码页(936)中表示的字符。请将该文件保存为 Unicode 格式以防止数据丢失 (编译源文件 RTBaseline.cpp)
  main.cpp
C:\Qt\6.4.2\msvc2019_64\include\QtCore\qtcoreexports.h(1,1): warning C4819: 该文件包含不能在当前代码页(936)中表示的字符。请将该文件保存为 Unicode 格式以防止数据丢失 (编译源文件 PrimitiveDB.cpp)
C:\Qt\6.4.2\msvc2019_64\include\QtCore\qtcoreexports.h(1,1): warning C4819: 该文件包含不能在当前代码页(936)中表示的字符。请将该文件保存为 Unicode 格式以防止数据丢失 (编译源文件 Lexer_Parser.cpp)
C:\Qt\6.4.2\msvc2019_64\include\QtCore\qtcoreexports.h(1,1): warning C4819: 该文件包含不能在当前代码页(936)中表示的字符。请将该文件保存为 Unicode 格式以防止数据丢失 (编译源文件 main.cpp)
C:\Qt\6.4.2\msvc2019_64\include\QtCore\qtcoreexports.h(1,1): warning C4819: 该文件包含不能在当前代码页(936)中表示的字符。请将该文件保存为 Unicode 格式以防止数据丢失 (编译源文件 GLObject.cpp)
C:\Qt\6.4.2\msvc2019_64\include\QtGui\qtguiexports.h(1,1): warning C4819: 该文件包含不能在当前代码页(936)中表示的字符。请将该文件保存为 Unicode 格式以防止数据丢失 (编译源文件 RTBaseline.cpp)
C:\Qt\6.4.2\msvc2019_64\include\QtWidgets\qtwidgetsexports.h(1,1): warning C4819: 该文件包含不能在当前代码页(936)中表示的字符。请将该文件保存为 Unicode 格式以防止数据丢失 (编译源文件 RTBaseline.cpp)
D:\postgraduate\2023\02212006\RTBaseline\RTBaseline\RTBaseline\triangulation\clipper\clipper.cpp(3807,1): warning C4819: 该文件包含不能在当前代码页(936)中表示的字符。请将该文件保存为 Unicode 格式以防止数据丢失
C:\Qt\6.4.2\msvc2019_64\include\QtGui\qtguiexports.h(1,1): warning C4819: 该文件包含不能在当前代码页(936)中表示的字符。请将该文件保存为 Unicode 格式以防止数据丢失 (编译源文件 main.cpp)
C:\Qt\6.4.2\msvc2019_64\include\QtWidgets\qtwidgetsexports.h(1,1): warning C4819: 该文件包含不能在当前代码页(936)中表示的字符。请将该文件保存为 Unicode 格式以防止数据丢失 (编译源文件 main.cpp)
  glad.c
  qrc_RTBaseline.cpp
  moc_RTBaseline.cpp
C:\Qt\6.4.2\msvc2019_64\include\QtCore\qtcoreexports.h(1,1): warning C4819: 该文件包含不能在当前代码页(936)中表示的字符。请将该文件保存为 Unicode 格式以防止数据丢失
C:\Qt\6.4.2\msvc2019_64\include\QtGui\qtguiexports.h(1,1): warning C4819: 该文件包含不能在当前代码页(936)中表示的字符。请将该文件保存为 Unicode 格式以防止数据丢失
C:\Qt\6.4.2\msvc2019_64\include\QtWidgets\qtwidgetsexports.h(1,1): warning C4819: 该文件包含不能在当前代码页(936)中表示的字符。请将该文件保存为 Unicode 格式以防止数据丢失
  RTBaseline.vcxproj -> D:\postgraduate\2023\02212006\RTBaseline\RTBaseline\x64\Release\RTBaseline.exe
