d:\postgraduate\2023\02212006\rtbaseline\rtbaseline\rtbaseline\x64\release\shapes.obj
d:\postgraduate\2023\02212006\rtbaseline\rtbaseline\rtbaseline\x64\release\clipper.obj
d:\postgraduate\2023\02212006\rtbaseline\rtbaseline\rtbaseline\x64\release\clip2tri.obj
d:\postgraduate\2023\02212006\rtbaseline\rtbaseline\rtbaseline\x64\release\sweep_context.obj
d:\postgraduate\2023\02212006\rtbaseline\rtbaseline\rtbaseline\x64\release\log.obj
d:\postgraduate\2023\02212006\rtbaseline\rtbaseline\rtbaseline\x64\release\sweep.obj
d:\postgraduate\2023\02212006\rtbaseline\rtbaseline\rtbaseline\x64\release\advancing_front.obj
d:\postgraduate\2023\02212006\rtbaseline\rtbaseline\rtbaseline\x64\release\cdt.obj
d:\postgraduate\2023\02212006\rtbaseline\rtbaseline\rtbaseline\x64\release\moc\moc_rtbaseline.cpp
d:\postgraduate\2023\02212006\rtbaseline\rtbaseline\rtbaseline\x64\release\rcc\qrc_rtbaseline.cpp
d:\postgraduate\2023\02212006\rtbaseline\rtbaseline\rtbaseline\x64\release\uic\ui_rtbaseline.h
d:\postgraduate\2023\02212006\rtbaseline\rtbaseline\rtbaseline\x64\release\rtbaseline.tlog\cl.10132.write.1.tlog
d:\postgraduate\2023\02212006\rtbaseline\rtbaseline\rtbaseline\x64\release\rtbaseline.tlog\cl.command.1.tlog
d:\postgraduate\2023\02212006\rtbaseline\rtbaseline\rtbaseline\x64\release\rtbaseline.tlog\cl.read.1.tlog
d:\postgraduate\2023\02212006\rtbaseline\rtbaseline\rtbaseline\x64\release\rtbaseline.tlog\moc.read.1u.tlog
d:\postgraduate\2023\02212006\rtbaseline\rtbaseline\rtbaseline\x64\release\rtbaseline.tlog\moc.write.1u.tlog
d:\postgraduate\2023\02212006\rtbaseline\rtbaseline\rtbaseline\x64\release\rtbaseline.tlog\rcc.read.1u.tlog
d:\postgraduate\2023\02212006\rtbaseline\rtbaseline\rtbaseline\x64\release\rtbaseline.tlog\rcc.write.1u.tlog
d:\postgraduate\2023\02212006\rtbaseline\rtbaseline\rtbaseline\x64\release\rtbaseline.tlog\rtbaseline.write.1u.tlog
d:\postgraduate\2023\02212006\rtbaseline\rtbaseline\rtbaseline\x64\release\rtbaseline.tlog\uic.read.1u.tlog
d:\postgraduate\2023\02212006\rtbaseline\rtbaseline\rtbaseline\x64\release\rtbaseline.tlog\uic.write.1u.tlog
