d:\postgraduate\2023\02212006\rtbaseline\rtbaseline\rtbaseline\x64\debug\vc143.pdb
d:\postgraduate\2023\02212006\rtbaseline\rtbaseline\rtbaseline\x64\debug\glad.obj
d:\postgraduate\2023\02212006\rtbaseline\rtbaseline\rtbaseline\x64\debug\shapes.obj
d:\postgraduate\2023\02212006\rtbaseline\rtbaseline\rtbaseline\x64\debug\rtbaseline.obj
d:\postgraduate\2023\02212006\rtbaseline\rtbaseline\rtbaseline\x64\debug\log.obj
d:\postgraduate\2023\02212006\rtbaseline\rtbaseline\rtbaseline\x64\debug\sweep_context.obj
d:\postgraduate\2023\02212006\rtbaseline\rtbaseline\rtbaseline\x64\debug\lexer_parser.obj
d:\postgraduate\2023\02212006\rtbaseline\rtbaseline\rtbaseline\x64\debug\cdt.obj
d:\postgraduate\2023\02212006\rtbaseline\rtbaseline\rtbaseline\x64\debug\clipper.obj
d:\postgraduate\2023\02212006\rtbaseline\rtbaseline\rtbaseline\x64\debug\primitivedb.obj
d:\postgraduate\2023\02212006\rtbaseline\rtbaseline\rtbaseline\x64\debug\globject.obj
d:\postgraduate\2023\02212006\rtbaseline\rtbaseline\rtbaseline\x64\debug\sweep.obj
d:\postgraduate\2023\02212006\rtbaseline\rtbaseline\rtbaseline\x64\debug\clip2tri.obj
d:\postgraduate\2023\02212006\rtbaseline\rtbaseline\rtbaseline\x64\debug\advancing_front.obj
d:\postgraduate\2023\02212006\rtbaseline\rtbaseline\rtbaseline\x64\debug\main.obj
d:\postgraduate\2023\02212006\rtbaseline\rtbaseline\rtbaseline\x64\debug\qrc_rtbaseline.obj
d:\postgraduate\2023\02212006\rtbaseline\rtbaseline\rtbaseline\x64\debug\moc_rtbaseline.obj
d:\postgraduate\2023\02212006\rtbaseline\rtbaseline\x64\debug\rtbaseline.exe
d:\postgraduate\2023\02212006\rtbaseline\rtbaseline\x64\debug\rtbaseline.ilk
d:\postgraduate\2023\02212006\rtbaseline\rtbaseline\x64\debug\rtbaseline.pdb
d:\postgraduate\2023\02212006\rtbaseline\rtbaseline\rtbaseline\x64\debug\moc\moc_rtbaseline.cpp
d:\postgraduate\2023\02212006\rtbaseline\rtbaseline\rtbaseline\x64\debug\rcc\qrc_rtbaseline.cpp
d:\postgraduate\2023\02212006\rtbaseline\rtbaseline\rtbaseline\x64\debug\uic\ui_rtbaseline.h
d:\postgraduate\2023\02212006\rtbaseline\rtbaseline\rtbaseline\x64\debug\rtbaseline.tlog\cl.command.1.tlog
d:\postgraduate\2023\02212006\rtbaseline\rtbaseline\rtbaseline\x64\debug\rtbaseline.tlog\cl.read.1.tlog
d:\postgraduate\2023\02212006\rtbaseline\rtbaseline\rtbaseline\x64\debug\rtbaseline.tlog\cl.write.1.tlog
d:\postgraduate\2023\02212006\rtbaseline\rtbaseline\rtbaseline\x64\debug\rtbaseline.tlog\link.command.1.tlog
d:\postgraduate\2023\02212006\rtbaseline\rtbaseline\rtbaseline\x64\debug\rtbaseline.tlog\link.read.1.tlog
d:\postgraduate\2023\02212006\rtbaseline\rtbaseline\rtbaseline\x64\debug\rtbaseline.tlog\link.write.1.tlog
d:\postgraduate\2023\02212006\rtbaseline\rtbaseline\rtbaseline\x64\debug\rtbaseline.tlog\moc.read.1u.tlog
d:\postgraduate\2023\02212006\rtbaseline\rtbaseline\rtbaseline\x64\debug\rtbaseline.tlog\moc.write.1u.tlog
d:\postgraduate\2023\02212006\rtbaseline\rtbaseline\rtbaseline\x64\debug\rtbaseline.tlog\rcc.read.1u.tlog
d:\postgraduate\2023\02212006\rtbaseline\rtbaseline\rtbaseline\x64\debug\rtbaseline.tlog\rcc.write.1u.tlog
d:\postgraduate\2023\02212006\rtbaseline\rtbaseline\rtbaseline\x64\debug\rtbaseline.tlog\rtbaseline.write.1u.tlog
d:\postgraduate\2023\02212006\rtbaseline\rtbaseline\rtbaseline\x64\debug\rtbaseline.tlog\uic.read.1u.tlog
d:\postgraduate\2023\02212006\rtbaseline\rtbaseline\rtbaseline\x64\debug\rtbaseline.tlog\uic.write.1u.tlog
